2025-11-11 16:21:28,855 - __main__ - INFO - Initialized OSMToPBSUConverter with output directory: output
2025-11-11 16:21:28,855 - __main__ - INFO - ============================================================
2025-11-11 16:21:28,855 - __main__ - INFO - Starting OSM to PBSU Conversion
2025-11-11 16:21:28,855 - __main__ - INFO - ============================================================
2025-11-11 16:21:28,855 - __main__ - INFO - OSM file: examples/sample_route.json
2025-11-11 16:21:28,855 - __main__ - INFO - Map name: Test_City
2025-11-11 16:21:28,855 - __main__ - INFO - Route name: Route_1
2025-11-11 16:21:28,855 - __main__ - INFO - Loading OSM data from examples/sample_route.json...
2025-11-11 16:21:28,855 - __main__ - INFO - Successfully loaded OSM JSON data
2025-11-11 16:21:28,855 - __main__ - INFO - Parsing OSM data...
2025-11-11 16:21:28,855 - __main__ - INFO - Starting to parse OSM JSON data
2025-11-11 16:21:28,855 - __main__ - INFO - Found 11 elements in OSM data
2025-11-11 16:21:28,855 - __main__ - INFO - First pass complete: 10 nodes, 5 bus stops found
2025-11-11 16:21:28,855 - __main__ - INFO - Starting second pass: collecting ways and relations
2025-11-11 16:21:28,855 - __main__ - INFO - Second pass complete: 1 road segments, 0 buildings found
2025-11-11 16:21:28,855 - __main__ - INFO - Parsing complete:
2025-11-11 16:21:28,855 - __main__ - INFO -   - Bus stops: 5
2025-11-11 16:21:28,855 - __main__ - INFO -   - Road segments: 1
2025-11-11 16:21:28,855 - __main__ - INFO -   - Buildings: 0
2025-11-11 16:21:28,855 - __main__ - INFO -   - Buildings with height data: 0
2025-11-11 16:21:28,855 - __main__ - INFO - Using first bus stop as origin: (40.758, -73.9855)
2025-11-11 16:21:28,855 - __main__ - INFO - Creating directory structure...
2025-11-11 16:21:28,856 - __main__ - INFO - Created directories:
2025-11-11 16:21:28,856 - __main__ - INFO -   - Base: output/Test_City
2025-11-11 16:21:28,856 - __main__ - INFO -   - Tiles: output/Test_City/tiles/Route_1
2025-11-11 16:21:28,856 - __main__ - INFO -   - Bus stops: output/Test_City/tiles/Route_1/aipeople/busstops
2025-11-11 16:21:28,856 - __main__ - INFO - Generating PBSU files...
2025-11-11 16:21:28,856 - __main__ - INFO - Created main map file: output/Test_City.map.txt
2025-11-11 16:21:28,856 - __main__ - INFO - Created entrypoints list: output/Test_City/tiles/Route_1/entrypoints_list.txt
2025-11-11 16:21:28,856 - __main__ - INFO - Created entrypoints file: output/Test_City/tiles/Route_1/entrypoints.txt
2025-11-11 16:21:28,857 - __main__ - INFO - Created 5 bus stop configuration files
2025-11-11 16:21:28,857 - __main__ - INFO - Fetching elevation data...
2025-11-11 16:21:28,857 - __main__ - INFO - Prepared 6 locations for elevation lookup
2025-11-11 16:21:28,857 - __main__ - INFO - No LiDAR file provided, using default elevation of 0m
2025-11-11 16:21:28,857 - __main__ - INFO - Elevation data requested for 6 locations
2025-11-11 16:21:28,857 - __main__ - INFO - API calls disabled - using default elevation of 0m
2025-11-11 16:21:28,857 - __main__ - INFO - For accurate elevation, provide LiDAR HD data file
2025-11-11 16:21:28,857 - __main__ - INFO - Elevation data ready for 5 points
2025-11-11 16:21:28,857 - __main__ - INFO - Exporting geographic data...
2025-11-11 16:21:28,857 - __main__ - INFO - Converting building data to Unity coordinates...
2025-11-11 16:21:28,857 - __main__ - INFO - Converted 0 buildings
2025-11-11 16:21:28,857 - __main__ - INFO - Adding elevation data to geographic export...
2025-11-11 16:21:28,857 - __main__ - INFO - Added 5 elevation points
2025-11-11 16:21:28,857 - __main__ - INFO - Adding bus stop data to geographic export...
2025-11-11 16:21:28,857 - __main__ - INFO - Added 5 bus stops
2025-11-11 16:21:28,857 - __main__ - INFO - Successfully saved geographic data to output/Test_City/geographic_data.json
2025-11-11 16:21:28,857 - __main__ - INFO - Creating README file...
2025-11-11 16:21:28,857 - __main__ - INFO - Created README file: output/Test_City/README.md
2025-11-11 16:21:28,857 - __main__ - INFO - ============================================================
2025-11-11 16:21:28,857 - __main__ - INFO - OSM to PBSU Conversion Complete!
2025-11-11 16:21:28,857 - __main__ - INFO - Output directory: output/Test_City
2025-11-11 16:21:28,858 - __main__ - INFO - ============================================================
